0 verbose cli /usr/local/bin/node /usr/local/bin/npm
1 info using npm@10.5.0
2 info using node@v21.6.2
3 timing npm:load:whichnode Completed in 0ms
4 timing config:load:defaults Completed in 0ms
5 timing config:load:file:/usr/local/lib/node_modules/npm/npmrc Completed in 1ms
6 timing config:load:builtin Completed in 1ms
7 timing config:load:cli Completed in 1ms
8 timing config:load:env Completed in 0ms
9 timing config:load:file:/Users/davidvalle/portfolio-projects/bored-bot/bored-bot/.npmrc Completed in 0ms
10 timing config:load:project Completed in 2ms
11 timing config:load:file:/Users/davidvalle/.npmrc Completed in 1ms
12 timing config:load:user Completed in 1ms
13 timing config:load:file:/usr/local/etc/npmrc Completed in 0ms
14 timing config:load:global Completed in 0ms
15 timing config:load:setEnvs Completed in 0ms
16 timing config:load Completed in 5ms
17 timing npm:load:configload Completed in 5ms
18 timing config:load:flatten Completed in 1ms
19 timing npm:load:mkdirpcache Completed in 0ms
20 timing npm:load:mkdirplogs Completed in 0ms
21 verbose title npm view vite description dist-tags.latest homepage version time
22 verbose argv "view" "--json" "--" "vite" "description" "dist-tags.latest" "homepage" "version" "time"
23 timing npm:load:setTitle Completed in 6ms
24 timing npm:load:display Completed in 0ms
25 verbose logfile logs-max:10 dir:/Users/davidvalle/portfolio-projects/bored-bot/bored-bot/C:Usersdavidvalle/npm-cache/_logs/2024-04-23T16_46_25_496Z-
26 verbose logfile /Users/davidvalle/portfolio-projects/bored-bot/bored-bot/C:Usersdavidvalle/npm-cache/_logs/2024-04-23T16_46_25_496Z-debug-0.log
27 timing npm:load:logFile Completed in 4ms
28 timing npm:load:timers Completed in 0ms
29 timing npm:load:configScope Completed in 0ms
30 timing npm:load Completed in 24ms
31 silly logfile done cleaning log files
32 http fetch GET 200 https://registry.npmjs.org/npm 135ms
33 http fetch GET 200 https://registry.npmjs.org/vite 963ms (cache miss)
34 timing command:view Completed in 1114ms
35 notice
35 notice New patch version of npm available! 10.5.0 -> 10.5.2
35 notice Changelog: <https://github.com/npm/cli/releases/tag/v10.5.2>
35 notice Run `npm install -g npm@10.5.2` to update!
35 notice
36 verbose exit 0
37 timing npm Completed in 1206ms
38 info ok
